<?xml version="1.0" encoding="UTF-8"?>
<testsuite xmlns:xsi="http://www.w3.org/2001/XMLSchema-instance" xsi:noNamespaceSchemaLocation="https://maven.apache.org/surefire/maven-surefire-plugin/xsd/surefire-test-report-3.0.xsd" version="3.0" name="ar.dev.maxisandoval.webappmaxcotas.WebappMaxcotasApplicationTests" time="4.894" tests="1" errors="0" skipped="0" failures="0">
  <properties>
[...]
</properties>
  <testcase name="contextLoads" classname="ar.dev.maxisandoval.webappmaxcotas.WebappMaxcotasApplicationTests" time="0.467">
    <system-out><![CDATA[03:00:01.009 [main] INFO org.springframework.test.context.support.AnnotationConfigContextLoaderUtils -- Could not detect default configuration classes for test class [ar.dev.maxisandoval.webappmaxcotas.WebappMaxcotasApplicationTests]: WebappMaxcotasApplicationTests does not declare any static, non-private, non-final, nested classes annotated with @Configuration.
03:00:01.095 [main] INFO org.springframework.boot.test.context.SpringBootTestContextBootstrapper -- Found @SpringBootConfiguration ar.dev.maxisandoval.webappmaxcotas.WebappMaxcotasApplication for test class ar.dev.maxisandoval.webappmaxcotas.WebappMaxcotasApplicationTests

  .   ____          _            __ _ _
 /\\ / ___'_ __ _ _(_)_ __  __ _ \ \ \ \
( ( )\___ | '_ | '_| | '_ \/ _` | \ \ \ \
 \\/  ___)| |_)| | | | | || (_| |  ) ) ) )
  '  |____| .__|_| |_|_| |_\__, | / / / /
 =========|_|==============|___/=/_/_/_/
 :: Spring Boot ::                (v3.2.2)

2024-10-16T03:00:01.460Z  INFO 1893 --- [           main] a.d.m.w.WebappMaxcotasApplicationTests   : Starting WebappMaxcotasApplicationTests using Java 17.0.12 with PID 1893 (started by runner in /home/runner/work/webapp-maxcotas/webapp-maxcotas)
2024-10-16T03:00:01.462Z  INFO 1893 --- [           main] a.d.m.w.WebappMaxcotasApplicationTests   : No active profile set, falling back to 1 default profile: "default"
2024-10-16T03:00:02.205Z  INFO 1893 --- [           main] .s.d.r.c.RepositoryConfigurationDelegate : Bootstrapping Spring Data JPA repositories in DEFAULT mode.
2024-10-16T03:00:02.271Z  INFO 1893 --- [           main] .s.d.r.c.RepositoryConfigurationDelegate : Finished Spring Data repository scanning in 59 ms. Found 4 JPA repository interfaces.
2024-10-16T03:00:02.682Z  INFO 1893 --- [           main] com.zaxxer.hikari.HikariDataSource       : HikariPool-1 - Starting...
2024-10-16T03:00:02.807Z  INFO 1893 --- [           main] com.zaxxer.hikari.pool.HikariPool        : HikariPool-1 - Added connection conn0: url=jdbc:h2:mem:testdb user=SA
2024-10-16T03:00:02.809Z  INFO 1893 --- [           main] com.zaxxer.hikari.HikariDataSource       : HikariPool-1 - Start completed.
2024-10-16T03:00:02.860Z  INFO 1893 --- [           main] o.hibernate.jpa.internal.util.LogHelper  : HHH000204: Processing PersistenceUnitInfo [name: default]
2024-10-16T03:00:02.896Z  INFO 1893 --- [           main] org.hibernate.Version                    : HHH000412: Hibernate ORM core version 6.4.1.Final
2024-10-16T03:00:02.919Z  INFO 1893 --- [           main] o.h.c.internal.RegionFactoryInitiator    : HHH000026: Second-level cache disabled
2024-10-16T03:00:03.068Z  INFO 1893 --- [           main] o.s.o.j.p.SpringPersistenceUnitInfo      : No LoadTimeWeaver setup: ignoring JPA class transformer
2024-10-16T03:00:03.103Z  WARN 1893 --- [           main] org.hibernate.orm.deprecation            : HHH90000025: H2Dialect does not need to be specified explicitly using 'hibernate.dialect' (remove the property setting and it will be selected by default)
2024-10-16T03:00:03.977Z  INFO 1893 --- [           main] o.h.e.t.j.p.i.JtaPlatformInitiator       : HHH000489: No JTA platform available (set 'hibernate.transaction.jta.platform' to enable JTA platform integration)
2024-10-16T03:00:04.023Z  INFO 1893 --- [           main] j.LocalContainerEntityManagerFactoryBean : Initialized JPA EntityManagerFactory for persistence unit 'default'
2024-10-16T03:00:04.372Z  INFO 1893 --- [           main] o.s.d.j.r.query.QueryEnhancerFactory     : Hibernate is in classpath; If applicable, HQL parser will be used.
2024-10-16T03:00:04.730Z  WARN 1893 --- [           main] JpaBaseConfiguration$JpaWebConfiguration : spring.jpa.open-in-view is enabled by default. Therefore, database queries may be performed during view rendering. Explicitly configure spring.jpa.open-in-view to disable this warning
2024-10-16T03:00:04.972Z  INFO 1893 --- [           main] o.s.s.web.DefaultSecurityFilterChain     : Will secure any request with [org.springframework.security.web.session.DisableEncodeUrlFilter@7a7698f4, org.springframework.security.web.context.request.async.WebAsyncManagerIntegrationFilter@1150b923, org.springframework.security.web.context.SecurityContextHolderFilter@5014ccf9, org.springframework.security.web.header.HeaderWriterFilter@16a3d9a7, org.springframework.web.filter.CorsFilter@54c2cfc9, org.springframework.security.web.csrf.CsrfFilter@7892635c, org.springframework.security.web.authentication.logout.LogoutFilter@7671922b, org.springframework.security.web.authentication.UsernamePasswordAuthenticationFilter@35ab83a7, org.springframework.security.web.savedrequest.RequestCacheAwareFilter@362109d0, org.springframework.security.web.servletapi.SecurityContextHolderAwareRequestFilter@4075c0d8, org.springframework.security.web.authentication.AnonymousAuthenticationFilter@3d9dc84d, org.springframework.security.web.access.ExceptionTranslationFilter@4caca86d, org.springframework.security.web.access.intercept.AuthorizationFilter@200cbb63]
2024-10-16T03:00:05.200Z  INFO 1893 --- [           main] o.s.b.a.h2.H2ConsoleAutoConfiguration    : H2 console available at '/h2-console'. Database available at 'jdbc:h2:mem:testdb'
2024-10-16T03:00:05.284Z  INFO 1893 --- [           main] a.d.m.w.WebappMaxcotasApplicationTests   : Started WebappMaxcotasApplicationTests in 4.06 seconds (process running for 4.87)
]]></system-out>
  </testcase>
</testsuite>