<?xml version="1.0" encoding="UTF-8"?>
<testsuite xmlns:xsi="http://www.w3.org/2001/XMLSchema-instance" xsi:noNamespaceSchemaLocation="https://maven.apache.org/surefire/maven-surefire-plugin/xsd/surefire-test-report-3.0.xsd" version="3.0" name="ar.dev.maxisandoval.webappmaxcotas.VacunaServiceTest" time="0.05" tests="4" errors="0" skipped="0" failures="0">
  <properties>
[...]
</properties>
  <testcase name="testGuardarVacuna" classname="ar.dev.maxisandoval.webappmaxcotas.VacunaServiceTest" time="0.006">
    <system-out><![CDATA[2025-09-28T00:10:55.160Z  INFO 2162 --- [           main] t.c.s.AnnotationConfigContextLoaderUtils : Could not detect default configuration classes for test class [ar.dev.maxisandoval.webappmaxcotas.VacunaServiceTest]: VacunaServiceTest does not declare any static, non-private, non-final, nested classes annotated with @Configuration.
2025-09-28T00:10:55.161Z  INFO 2162 --- [           main] .b.t.c.SpringBootTestContextBootstrapper : Found @SpringBootConfiguration ar.dev.maxisandoval.webappmaxcotas.WebappMaxcotasApplication for test class ar.dev.maxisandoval.webappmaxcotas.VacunaServiceTest
]]></system-out>
  </testcase>
  <testcase name="testListarVacunas" classname="ar.dev.maxisandoval.webappmaxcotas.VacunaServiceTest" time="0.015"/>
  <testcase name="testObtenerVacunaPorId" classname="ar.dev.maxisandoval.webappmaxcotas.VacunaServiceTest" time="0.007"/>
  <testcase name="testEliminarVacuna" classname="ar.dev.maxisandoval.webappmaxcotas.VacunaServiceTest" time="0.013"/>
</testsuite>